06/04/2020 04:13:33 PM - INFO - JURIS_CAPACITY_FILE = C:\Users\lzorn\Box\Modeling and Surveys\Urban Modeling\Bay Area UrbanSim 1.5\PBA50\Policies\Base zoning\outputs\2020_06_03_juris_basis_pba40_capacity_metrics.csv
06/04/2020 04:13:33 PM - INFO - THRESHOLD           = 0.15
06/04/2020 04:13:33 PM - INFO - Read 1853 lines from C:\Users\lzorn\Box\Modeling and Surveys\Urban Modeling\Bay Area UrbanSim 1.5\PBA50\Policies\Base zoning\outputs\2020_06_03_juris_basis_pba40_capacity_metrics.csv; head:
        juris_zmod variable    ACRES 0 0   ACRES 0 1   ACRES 0 M      ...       num_parcels M 0  num_parcels M 1  num_parcels M M   units_basis   units_pba40
0          alameda       HS  3640.104055  402.418985  228.930715      ...                   0.0              0.0              0.0  52279.122688  47134.288840
1           albany       HS  2205.185016    7.916826    4.373864      ...                   8.0              0.0              0.0   9784.271083   9803.776618
2  american_canyon       HS  2035.299138  124.453476  115.335727      ...                  25.0              0.0              0.0   5532.723992   6502.436793
3          antioch       HS  6451.667199  736.504757   44.021379      ...                  22.0             10.0              1.0  38690.734113  51734.360703
4         atherton       HS   314.626564   23.512198   42.074956      ...                   1.0              1.0              4.0   2658.244632   2516.930259

[5 rows x 42 columns]
06/04/2020 04:13:33 PM - DEBUG - dtypes:
juris_zmod                       object
variable                         object
ACRES 0 0                       float64
ACRES 0 1                       float64
ACRES 0 M                       float64
ACRES 1 0                       float64
ACRES 1 1                       float64
ACRES 1 M                       float64
ACRES M 0                       float64
ACRES M 1                       float64
ACRES M M                       float64
Ksqft_basis                     float64
Ksqft_pba40                     float64
allow_nonres ACRES F_F          float64
allow_nonres ACRES F_T          float64
allow_nonres ACRES T_F          float64
allow_nonres ACRES T_T          float64
allow_nonres num_parcels F_F    float64
allow_nonres num_parcels F_T    float64
allow_nonres num_parcels T_F    float64
allow_nonres num_parcels T_T    float64
allow_res ACRES F_F             float64
allow_res ACRES F_T             float64
allow_res ACRES T_F             float64
allow_res ACRES T_T             float64
allow_res num_parcels F_F       float64
allow_res num_parcels F_T       float64
allow_res num_parcels T_F       float64
allow_res num_parcels T_T       float64
emp_basis                       float64
emp_pba40                       float64
num_parcels 0 0                 float64
num_parcels 0 1                 float64
num_parcels 0 M                 float64
num_parcels 1 0                 float64
num_parcels 1 1                 float64
num_parcels 1 M                 float64
num_parcels M 0                 float64
num_parcels M 1                 float64
num_parcels M M                 float64
units_basis                     float64
units_pba40                     float64
dtype: object
06/04/2020 04:13:33 PM - DEBUG - Have 109 unique jurisdictions
06/04/2020 04:13:33 PM - INFO - Setting hybrid index for variable far         res?     0  nonres?     1
06/04/2020 04:13:34 PM - INFO - Setting hybrid index for variable dua         res?     1  nonres?     0
06/04/2020 04:13:34 PM - INFO - Setting hybrid index for variable height      res?     1  nonres?     1
06/04/2020 04:13:34 PM - INFO - Setting hybrid index for variable HS          res?     1  nonres?     0
06/04/2020 04:13:34 PM - INFO - Setting hybrid index for variable HT          res?     1  nonres?     0
06/04/2020 04:13:34 PM - INFO - Setting hybrid index for variable HM          res?     1  nonres?     0
06/04/2020 04:13:34 PM - INFO - Setting hybrid index for variable OF          res?     0  nonres?     1
06/04/2020 04:13:34 PM - INFO - Setting hybrid index for variable HO          res?     0  nonres?     1
06/04/2020 04:13:34 PM - INFO - Setting hybrid index for variable SC          res?     0  nonres?     1
06/04/2020 04:13:34 PM - INFO - Setting hybrid index for variable IL          res?     0  nonres?     1
06/04/2020 04:13:34 PM - INFO - Setting hybrid index for variable IW          res?     0  nonres?     1
06/04/2020 04:13:34 PM - INFO - Setting hybrid index for variable IH          res?     0  nonres?     1
06/04/2020 04:13:34 PM - INFO - Setting hybrid index for variable RS          res?     0  nonres?     1
06/04/2020 04:13:34 PM - INFO - Setting hybrid index for variable RB          res?     0  nonres?     1
06/04/2020 04:13:34 PM - INFO - Setting hybrid index for variable MR          res?     1  nonres?     1
06/04/2020 04:13:34 PM - INFO - Setting hybrid index for variable MT          res?     0  nonres?     1
06/04/2020 04:13:34 PM - INFO - Setting hybrid index for variable ME          res?     0  nonres?     1
06/04/2020 04:13:34 PM - INFO - Number of jurisdictions using BASIS variable:
juris_zmod               alamedaalbanyamerican_canyonantiochathertonbel...
proportion_adj_far                                                     109
max_far_idx                                                             14
proportion_adj_dua                                                     109
max_dua_idx                                                             27
proportion_adj_height                                                  109
max_height_idx                                                         108
HS_idx                                                                  80
HT_idx                                                                 102
HM_idx                                                                  93
OF_idx                                                                  67
HO_idx                                                                  84
SC_idx                                                                  69
IL_idx                                                                  88
IW_idx                                                                  98
IH_idx                                                                 102
RS_idx                                                                  69
RB_idx                                                                  88
MR_idx                                                                  87
MT_idx                                                                  83
ME_idx                                                                  85
dtype: object
06/04/2020 04:13:34 PM - INFO - Wrote X:\petrale\policies\plu\base_zoning\hybrid_index\idx_urbansim_heuristic.csv
